The system is: Linux - 5.15.62.1-microsoft-standard-WSL2 - x86_64
Compiling the C compiler identification source file "CMakeCCompilerId.c" succeeded.
Compiler: /usr/bin/gcc 
Build flags: -march=nocona;-mtune=haswell;-ftree-vectorize;-fPIC;-fstack-protector-strong;-fno-plt;-O2;-ffunction-sections;-pipe;-isystem;/home/vinicius/anaconda3/include
Id flags:  

The output was:
0


Compilation of the C compiler identification source "CMakeCCompilerId.c" produced "a.out"

The C compiler identification is GNU, found in "/mnt/d/Dev/VMD-cndb_plugin/build/CMakeFiles/3.13.4/CompilerIdC/a.out"

Determining if the C compiler works passed with the following output:
Change Dir: /mnt/d/Dev/VMD-cndb_plugin/build/CMakeFiles/CMakeTmp

Run Build Command:"/usr/bin/make" "cmTC_db60b/fast"
/usr/bin/make -f CMakeFiles/cmTC_db60b.dir/build.make CMakeFiles/cmTC_db60b.dir/build
make[1]: Entering directory '/mnt/d/Dev/VMD-cndb_plugin/build/CMakeFiles/CMakeTmp'
Building C object CMakeFiles/cmTC_db60b.dir/testCCompiler.c.o
/usr/bin/gcc   -march=nocona -mtune=haswell -ftree-vectorize -fPIC -fstack-protector-strong -fno-plt -O2 -ffunction-sections -pipe -isystem /home/vinicius/anaconda3/include -Wall -std=c99 -pedantic -fPIC  -O3 -DNDEBUG   -o CMakeFiles/cmTC_db60b.dir/testCCompiler.c.o   -c /mnt/d/Dev/VMD-cndb_plugin/build/CMakeFiles/CMakeTmp/testCCompiler.c
Linking C executable cmTC_db60b
/usr/bin/cmake -E cmake_link_script CMakeFiles/cmTC_db60b.dir/link.txt --verbose=1
/usr/bin/gcc -march=nocona -mtune=haswell -ftree-vectorize -fPIC -fstack-protector-strong -fno-plt -O2 -ffunction-sections -pipe -isystem /home/vinicius/anaconda3/include -Wall -std=c99 -pedantic -fPIC  -O3 -DNDEBUG  -Wl,-O2 -Wl,--sort-common -Wl,--as-needed -Wl,-z,relro -Wl,-z,now -Wl,--disable-new-dtags -Wl,--gc-sections -Wl,-rpath,/home/vinicius/anaconda3/lib -Wl,-rpath-link,/home/vinicius/anaconda3/lib -L/home/vinicius/anaconda3/lib  -rdynamic CMakeFiles/cmTC_db60b.dir/testCCompiler.c.o  -o cmTC_db60b 
make[1]: Leaving directory '/mnt/d/Dev/VMD-cndb_plugin/build/CMakeFiles/CMakeTmp'


Detecting C compiler ABI info compiled with the following output:
Change Dir: /mnt/d/Dev/VMD-cndb_plugin/build/CMakeFiles/CMakeTmp

Run Build Command:"/usr/bin/make" "cmTC_10c39/fast"
/usr/bin/make -f CMakeFiles/cmTC_10c39.dir/build.make CMakeFiles/cmTC_10c39.dir/build
make[1]: Entering directory '/mnt/d/Dev/VMD-cndb_plugin/build/CMakeFiles/CMakeTmp'
Building C object CMakeFiles/cmTC_10c39.dir/CMakeCCompilerABI.c.o
/usr/bin/gcc   -march=nocona -mtune=haswell -ftree-vectorize -fPIC -fstack-protector-strong -fno-plt -O2 -ffunction-sections -pipe -isystem /home/vinicius/anaconda3/include -Wall -std=c99 -pedantic -fPIC  -O3 -DNDEBUG   -o CMakeFiles/cmTC_10c39.dir/CMakeCCompilerABI.c.o   -c /usr/share/cmake-3.13/Modules/CMakeCCompilerABI.c
Linking C executable cmTC_10c39
/usr/bin/cmake -E cmake_link_script CMakeFiles/cmTC_10c39.dir/link.txt --verbose=1
/usr/bin/gcc -march=nocona -mtune=haswell -ftree-vectorize -fPIC -fstack-protector-strong -fno-plt -O2 -ffunction-sections -pipe -isystem /home/vinicius/anaconda3/include -Wall -std=c99 -pedantic -fPIC  -O3 -DNDEBUG  -Wl,-O2 -Wl,--sort-common -Wl,--as-needed -Wl,-z,relro -Wl,-z,now -Wl,--disable-new-dtags -Wl,--gc-sections -Wl,-rpath,/home/vinicius/anaconda3/lib -Wl,-rpath-link,/home/vinicius/anaconda3/lib -L/home/vinicius/anaconda3/lib -v -rdynamic CMakeFiles/cmTC_10c39.dir/CMakeCCompilerABI.c.o  -o cmTC_10c39 
Using built-in specs.
COLLECT_GCC=/usr/bin/gcc
COLLECT_LTO_WRAPPER=/usr/lib/gcc/x86_64-linux-gnu/8/lto-wrapper
OFFLOAD_TARGET_NAMES=nvptx-none
OFFLOAD_TARGET_DEFAULT=1
Target: x86_64-linux-gnu
Configured with: ../src/configure -v --with-pkgversion='Debian 8.3.0-6' --with-bugurl=file:///usr/share/doc/gcc-8/README.Bugs --enable-languages=c,ada,c++,go,brig,d,fortran,objc,obj-c++ --prefix=/usr --with-gcc-major-version-only --program-suffix=-8 --program-prefix=x86_64-linux-gnu- --enable-shared --enable-linker-build-id --libexecdir=/usr/lib --without-included-gettext --enable-threads=posix --libdir=/usr/lib --enable-nls --enable-bootstrap --enable-clocale=gnu --enable-libstdcxx-debug --enable-libstdcxx-time=yes --with-default-libstdcxx-abi=new --enable-gnu-unique-object --disable-vtable-verify --enable-libmpx --enable-plugin --enable-default-pie --with-system-zlib --with-target-system-zlib --enable-objc-gc=auto --enable-multiarch --disable-werror --with-arch-32=i686 --with-abi=m64 --with-multilib-list=m32,m64,mx32 --enable-multilib --with-tune=generic --enable-offload-targets=nvptx-none --without-cuda-driver --enable-checking=release --build=x86_64-linux-gnu --host=x86_64-linux-gnu --target=x86_64-linux-gnu
Thread model: posix
gcc version 8.3.0 (Debian 8.3.0-6) 
COMPILER_PATH=/usr/lib/gcc/x86_64-linux-gnu/8/:/usr/lib/gcc/x86_64-linux-gnu/8/:/usr/lib/gcc/x86_64-linux-gnu/:/usr/lib/gcc/x86_64-linux-gnu/8/:/usr/lib/gcc/x86_64-linux-gnu/
LIBRARY_PATH=/usr/lib/gcc/x86_64-linux-gnu/8/:/usr/lib/gcc/x86_64-linux-gnu/8/../../../x86_64-linux-gnu/:/usr/lib/gcc/x86_64-linux-gnu/8/../../../../lib/:/lib/x86_64-linux-gnu/:/lib/../lib/:/usr/lib/x86_64-linux-gnu/:/usr/lib/../lib/:/usr/lib/gcc/x86_64-linux-gnu/8/../../../:/lib/:/usr/lib/
COLLECT_GCC_OPTIONS='-march=nocona' '-mtune=haswell' '-ftree-vectorize' '-fstack-protector-strong' '-fno-plt' '-O2' '-ffunction-sections' '-pipe' '-isystem' '/home/vinicius/anaconda3/include' '-Wall' '-std=c99' '-Wpedantic' '-fPIC' '-O3' '-D' 'NDEBUG' '-L/home/vinicius/anaconda3/lib' '-v' '-rdynamic' '-o' 'cmTC_10c39'
 /usr/lib/gcc/x86_64-linux-gnu/8/collect2 -plugin /usr/lib/gcc/x86_64-linux-gnu/8/liblto_plugin.so -plugin-opt=/usr/lib/gcc/x86_64-linux-gnu/8/lto-wrapper -plugin-opt=-fresolution=/tmp/ccOaDMHd.res -plugin-opt=-pass-through=-lgcc -plugin-opt=-pass-through=-lgcc_s -plugin-opt=-pass-through=-lc -plugin-opt=-pass-through=-lgcc -plugin-opt=-pass-through=-lgcc_s --build-id --eh-frame-hdr -m elf_x86_64 --hash-style=gnu -export-dynamic -dynamic-linker /lib64/ld-linux-x86-64.so.2 -pie -o cmTC_10c39 /usr/lib/gcc/x86_64-linux-gnu/8/../../../x86_64-linux-gnu/Scrt1.o /usr/lib/gcc/x86_64-linux-gnu/8/../../../x86_64-linux-gnu/crti.o /usr/lib/gcc/x86_64-linux-gnu/8/crtbeginS.o -L/home/vinicius/anaconda3/lib -L/usr/lib/gcc/x86_64-linux-gnu/8 -L/usr/lib/gcc/x86_64-linux-gnu/8/../../../x86_64-linux-gnu -L/usr/lib/gcc/x86_64-linux-gnu/8/../../../../lib -L/lib/x86_64-linux-gnu -L/lib/../lib -L/usr/lib/x86_64-linux-gnu -L/usr/lib/../lib -L/usr/lib/gcc/x86_64-linux-gnu/8/../../.. -O2 --sort-common --as-needed -z relro -z now --disable-new-dtags --gc-sections -rpath /home/vinicius/anaconda3/lib -rpath-link /home/vinicius/anaconda3/lib CMakeFiles/cmTC_10c39.dir/CMakeCCompilerABI.c.o -lgcc --push-state --as-needed -lgcc_s --pop-state -lc -lgcc --push-state --as-needed -lgcc_s --pop-state /usr/lib/gcc/x86_64-linux-gnu/8/crtendS.o /usr/lib/gcc/x86_64-linux-gnu/8/../../../x86_64-linux-gnu/crtn.o
COLLECT_GCC_OPTIONS='-march=nocona' '-mtune=haswell' '-ftree-vectorize' '-fstack-protector-strong' '-fno-plt' '-O2' '-ffunction-sections' '-pipe' '-isystem' '/home/vinicius/anaconda3/include' '-Wall' '-std=c99' '-Wpedantic' '-fPIC' '-O3' '-D' 'NDEBUG' '-L/home/vinicius/anaconda3/lib' '-v' '-rdynamic' '-o' 'cmTC_10c39'
make[1]: Leaving directory '/mnt/d/Dev/VMD-cndb_plugin/build/CMakeFiles/CMakeTmp'


Parsed C implicit link information from above output:
  link line regex: [^( *|.*[/\])(ld|CMAKE_LINK_STARTFILE-NOTFOUND|([^/\]+-)?ld|collect2)[^/\]*( |$)]
  ignore line: [Change Dir: /mnt/d/Dev/VMD-cndb_plugin/build/CMakeFiles/CMakeTmp]
  ignore line: []
  ignore line: [Run Build Command:"/usr/bin/make" "cmTC_10c39/fast"]
  ignore line: [/usr/bin/make -f CMakeFiles/cmTC_10c39.dir/build.make CMakeFiles/cmTC_10c39.dir/build]
  ignore line: [make[1]: Entering directory '/mnt/d/Dev/VMD-cndb_plugin/build/CMakeFiles/CMakeTmp']
  ignore line: [Building C object CMakeFiles/cmTC_10c39.dir/CMakeCCompilerABI.c.o]
  ignore line: [/usr/bin/gcc   -march=nocona -mtune=haswell -ftree-vectorize -fPIC -fstack-protector-strong -fno-plt -O2 -ffunction-sections -pipe -isystem /home/vinicius/anaconda3/include -Wall -std=c99 -pedantic -fPIC  -O3 -DNDEBUG   -o CMakeFiles/cmTC_10c39.dir/CMakeCCompilerABI.c.o   -c /usr/share/cmake-3.13/Modules/CMakeCCompilerABI.c]
  ignore line: [Linking C executable cmTC_10c39]
  ignore line: [/usr/bin/cmake -E cmake_link_script CMakeFiles/cmTC_10c39.dir/link.txt --verbose=1]
  ignore line: [/usr/bin/gcc -march=nocona -mtune=haswell -ftree-vectorize -fPIC -fstack-protector-strong -fno-plt -O2 -ffunction-sections -pipe -isystem /home/vinicius/anaconda3/include -Wall -std=c99 -pedantic -fPIC  -O3 -DNDEBUG  -Wl,-O2 -Wl,--sort-common -Wl,--as-needed -Wl,-z,relro -Wl,-z,now -Wl,--disable-new-dtags -Wl,--gc-sections -Wl,-rpath,/home/vinicius/anaconda3/lib -Wl,-rpath-link,/home/vinicius/anaconda3/lib -L/home/vinicius/anaconda3/lib -v -rdynamic CMakeFiles/cmTC_10c39.dir/CMakeCCompilerABI.c.o  -o cmTC_10c39 ]
  ignore line: [Using built-in specs.]
  ignore line: [COLLECT_GCC=/usr/bin/gcc]
  ignore line: [COLLECT_LTO_WRAPPER=/usr/lib/gcc/x86_64-linux-gnu/8/lto-wrapper]
  ignore line: [OFFLOAD_TARGET_NAMES=nvptx-none]
  ignore line: [OFFLOAD_TARGET_DEFAULT=1]
  ignore line: [Target: x86_64-linux-gnu]
  ignore line: [Configured with: ../src/configure -v --with-pkgversion='Debian 8.3.0-6' --with-bugurl=file:///usr/share/doc/gcc-8/README.Bugs --enable-languages=c,ada,c++,go,brig,d,fortran,objc,obj-c++ --prefix=/usr --with-gcc-major-version-only --program-suffix=-8 --program-prefix=x86_64-linux-gnu- --enable-shared --enable-linker-build-id --libexecdir=/usr/lib --without-included-gettext --enable-threads=posix --libdir=/usr/lib --enable-nls --enable-bootstrap --enable-clocale=gnu --enable-libstdcxx-debug --enable-libstdcxx-time=yes --with-default-libstdcxx-abi=new --enable-gnu-unique-object --disable-vtable-verify --enable-libmpx --enable-plugin --enable-default-pie --with-system-zlib --with-target-system-zlib --enable-objc-gc=auto --enable-multiarch --disable-werror --with-arch-32=i686 --with-abi=m64 --with-multilib-list=m32,m64,mx32 --enable-multilib --with-tune=generic --enable-offload-targets=nvptx-none --without-cuda-driver --enable-checking=release --build=x86_64-linux-gnu --host=x86_64-linux-gnu --target=x86_64-linux-gnu]
  ignore line: [Thread model: posix]
  ignore line: [gcc version 8.3.0 (Debian 8.3.0-6) ]
  ignore line: [COMPILER_PATH=/usr/lib/gcc/x86_64-linux-gnu/8/:/usr/lib/gcc/x86_64-linux-gnu/8/:/usr/lib/gcc/x86_64-linux-gnu/:/usr/lib/gcc/x86_64-linux-gnu/8/:/usr/lib/gcc/x86_64-linux-gnu/]
  ignore line: [LIBRARY_PATH=/usr/lib/gcc/x86_64-linux-gnu/8/:/usr/lib/gcc/x86_64-linux-gnu/8/../../../x86_64-linux-gnu/:/usr/lib/gcc/x86_64-linux-gnu/8/../../../../lib/:/lib/x86_64-linux-gnu/:/lib/../lib/:/usr/lib/x86_64-linux-gnu/:/usr/lib/../lib/:/usr/lib/gcc/x86_64-linux-gnu/8/../../../:/lib/:/usr/lib/]
  ignore line: [COLLECT_GCC_OPTIONS='-march=nocona' '-mtune=haswell' '-ftree-vectorize' '-fstack-protector-strong' '-fno-plt' '-O2' '-ffunction-sections' '-pipe' '-isystem' '/home/vinicius/anaconda3/include' '-Wall' '-std=c99' '-Wpedantic' '-fPIC' '-O3' '-D' 'NDEBUG' '-L/home/vinicius/anaconda3/lib' '-v' '-rdynamic' '-o' 'cmTC_10c39']
  link line: [ /usr/lib/gcc/x86_64-linux-gnu/8/collect2 -plugin /usr/lib/gcc/x86_64-linux-gnu/8/liblto_plugin.so -plugin-opt=/usr/lib/gcc/x86_64-linux-gnu/8/lto-wrapper -plugin-opt=-fresolution=/tmp/ccOaDMHd.res -plugin-opt=-pass-through=-lgcc -plugin-opt=-pass-through=-lgcc_s -plugin-opt=-pass-through=-lc -plugin-opt=-pass-through=-lgcc -plugin-opt=-pass-through=-lgcc_s --build-id --eh-frame-hdr -m elf_x86_64 --hash-style=gnu -export-dynamic -dynamic-linker /lib64/ld-linux-x86-64.so.2 -pie -o cmTC_10c39 /usr/lib/gcc/x86_64-linux-gnu/8/../../../x86_64-linux-gnu/Scrt1.o /usr/lib/gcc/x86_64-linux-gnu/8/../../../x86_64-linux-gnu/crti.o /usr/lib/gcc/x86_64-linux-gnu/8/crtbeginS.o -L/home/vinicius/anaconda3/lib -L/usr/lib/gcc/x86_64-linux-gnu/8 -L/usr/lib/gcc/x86_64-linux-gnu/8/../../../x86_64-linux-gnu -L/usr/lib/gcc/x86_64-linux-gnu/8/../../../../lib -L/lib/x86_64-linux-gnu -L/lib/../lib -L/usr/lib/x86_64-linux-gnu -L/usr/lib/../lib -L/usr/lib/gcc/x86_64-linux-gnu/8/../../.. -O2 --sort-common --as-needed -z relro -z now --disable-new-dtags --gc-sections -rpath /home/vinicius/anaconda3/lib -rpath-link /home/vinicius/anaconda3/lib CMakeFiles/cmTC_10c39.dir/CMakeCCompilerABI.c.o -lgcc --push-state --as-needed -lgcc_s --pop-state -lc -lgcc --push-state --as-needed -lgcc_s --pop-state /usr/lib/gcc/x86_64-linux-gnu/8/crtendS.o /usr/lib/gcc/x86_64-linux-gnu/8/../../../x86_64-linux-gnu/crtn.o]
    arg [/usr/lib/gcc/x86_64-linux-gnu/8/collect2] ==> ignore
    arg [-plugin] ==> ignore
    arg [/usr/lib/gcc/x86_64-linux-gnu/8/liblto_plugin.so] ==> ignore
    arg [-plugin-opt=/usr/lib/gcc/x86_64-linux-gnu/8/lto-wrapper] ==> ignore
    arg [-plugin-opt=-fresolution=/tmp/ccOaDMHd.res] ==> ignore
    arg [-plugin-opt=-pass-through=-lgcc] ==> ignore
    arg [-plugin-opt=-pass-through=-lgcc_s] ==> ignore
    arg [-plugin-opt=-pass-through=-lc] ==> ignore
    arg [-plugin-opt=-pass-through=-lgcc] ==> ignore
    arg [-plugin-opt=-pass-through=-lgcc_s] ==> ignore
    arg [--build-id] ==> ignore
    arg [--eh-frame-hdr] ==> ignore
    arg [-m] ==> ignore
    arg [elf_x86_64] ==> ignore
    arg [--hash-style=gnu] ==> ignore
    arg [-export-dynamic] ==> ignore
    arg [-dynamic-linker] ==> ignore
    arg [/lib64/ld-linux-x86-64.so.2] ==> ignore
    arg [-pie] ==> ignore
    arg [-o] ==> ignore
    arg [cmTC_10c39] ==> ignore
    arg [/usr/lib/gcc/x86_64-linux-gnu/8/../../../x86_64-linux-gnu/Scrt1.o] ==> ignore
    arg [/usr/lib/gcc/x86_64-linux-gnu/8/../../../x86_64-linux-gnu/crti.o] ==> ignore
    arg [/usr/lib/gcc/x86_64-linux-gnu/8/crtbeginS.o] ==> ignore
    arg [-L/home/vinicius/anaconda3/lib] ==> dir [/home/vinicius/anaconda3/lib]
    arg [-L/usr/lib/gcc/x86_64-linux-gnu/8] ==> dir [/usr/lib/gcc/x86_64-linux-gnu/8]
    arg [-L/usr/lib/gcc/x86_64-linux-gnu/8/../../../x86_64-linux-gnu] ==> dir [/usr/lib/gcc/x86_64-linux-gnu/8/../../../x86_64-linux-gnu]
    arg [-L/usr/lib/gcc/x86_64-linux-gnu/8/../../../../lib] ==> dir [/usr/lib/gcc/x86_64-linux-gnu/8/../../../../lib]
    arg [-L/lib/x86_64-linux-gnu] ==> dir [/lib/x86_64-linux-gnu]
    arg [-L/lib/../lib] ==> dir [/lib/../lib]
    arg [-L/usr/lib/x86_64-linux-gnu] ==> dir [/usr/lib/x86_64-linux-gnu]
    arg [-L/usr/lib/../lib] ==> dir [/usr/lib/../lib]
    arg [-L/usr/lib/gcc/x86_64-linux-gnu/8/../../..] ==> dir [/usr/lib/gcc/x86_64-linux-gnu/8/../../..]
    arg [-O2] ==> ignore
    arg [--sort-common] ==> ignore
    arg [--as-needed] ==> ignore
    arg [-zrelro] ==> ignore
    arg [-znow] ==> ignore
    arg [--disable-new-dtags] ==> ignore
    arg [--gc-sections] ==> ignore
    arg [-rpath] ==> ignore
    arg [/home/vinicius/anaconda3/lib] ==> ignore
    arg [-rpath-link] ==> ignore
    arg [/home/vinicius/anaconda3/lib] ==> ignore
    arg [CMakeFiles/cmTC_10c39.dir/CMakeCCompilerABI.c.o] ==> ignore
    arg [-lgcc] ==> lib [gcc]
    arg [--push-state] ==> ignore
    arg [--as-needed] ==> ignore
    arg [-lgcc_s] ==> lib [gcc_s]
    arg [--pop-state] ==> ignore
    arg [-lc] ==> lib [c]
    arg [-lgcc] ==> lib [gcc]
    arg [--push-state] ==> ignore
    arg [--as-needed] ==> ignore
    arg [-lgcc_s] ==> lib [gcc_s]
    arg [--pop-state] ==> ignore
    arg [/usr/lib/gcc/x86_64-linux-gnu/8/crtendS.o] ==> ignore
    arg [/usr/lib/gcc/x86_64-linux-gnu/8/../../../x86_64-linux-gnu/crtn.o] ==> ignore
  collapse library dir [/home/vinicius/anaconda3/lib] ==> [/home/vinicius/anaconda3/lib]
  collapse library dir [/usr/lib/gcc/x86_64-linux-gnu/8] ==> [/usr/lib/gcc/x86_64-linux-gnu/8]
  collapse library dir [/usr/lib/gcc/x86_64-linux-gnu/8/../../../x86_64-linux-gnu] ==> [/usr/lib/x86_64-linux-gnu]
  collapse library dir [/usr/lib/gcc/x86_64-linux-gnu/8/../../../../lib] ==> [/usr/lib]
  collapse library dir [/lib/x86_64-linux-gnu] ==> [/lib/x86_64-linux-gnu]
  collapse library dir [/lib/../lib] ==> [/lib]
  collapse library dir [/usr/lib/x86_64-linux-gnu] ==> [/usr/lib/x86_64-linux-gnu]
  collapse library dir [/usr/lib/../lib] ==> [/usr/lib]
  collapse library dir [/usr/lib/gcc/x86_64-linux-gnu/8/../../..] ==> [/usr/lib]
  implicit libs: [gcc;gcc_s;c;gcc;gcc_s]
  implicit dirs: [/home/vinicius/anaconda3/lib;/usr/lib/gcc/x86_64-linux-gnu/8;/usr/lib/x86_64-linux-gnu;/usr/lib;/lib/x86_64-linux-gnu;/lib]
  implicit fwks: []




Detecting C [-std=c11] compiler features compiled with the following output:
Change Dir: /mnt/d/Dev/VMD-cndb_plugin/build/CMakeFiles/CMakeTmp

Run Build Command:"/usr/bin/make" "cmTC_77ae4/fast"
/usr/bin/make -f CMakeFiles/cmTC_77ae4.dir/build.make CMakeFiles/cmTC_77ae4.dir/build
make[1]: Entering directory '/mnt/d/Dev/VMD-cndb_plugin/build/CMakeFiles/CMakeTmp'
Building C object CMakeFiles/cmTC_77ae4.dir/feature_tests.c.o
/usr/bin/gcc   -march=nocona -mtune=haswell -ftree-vectorize -fPIC -fstack-protector-strong -fno-plt -O2 -ffunction-sections -pipe -isystem /home/vinicius/anaconda3/include -Wall -std=c99 -pedantic -fPIC  -O3 -DNDEBUG   -std=c11 -o CMakeFiles/cmTC_77ae4.dir/feature_tests.c.o   -c /mnt/d/Dev/VMD-cndb_plugin/build/CMakeFiles/feature_tests.c
Linking C executable cmTC_77ae4
/usr/bin/cmake -E cmake_link_script CMakeFiles/cmTC_77ae4.dir/link.txt --verbose=1
/usr/bin/gcc -march=nocona -mtune=haswell -ftree-vectorize -fPIC -fstack-protector-strong -fno-plt -O2 -ffunction-sections -pipe -isystem /home/vinicius/anaconda3/include -Wall -std=c99 -pedantic -fPIC  -O3 -DNDEBUG  -Wl,-O2 -Wl,--sort-common -Wl,--as-needed -Wl,-z,relro -Wl,-z,now -Wl,--disable-new-dtags -Wl,--gc-sections -Wl,-rpath,/home/vinicius/anaconda3/lib -Wl,-rpath-link,/home/vinicius/anaconda3/lib -L/home/vinicius/anaconda3/lib  -rdynamic CMakeFiles/cmTC_77ae4.dir/feature_tests.c.o  -o cmTC_77ae4 
make[1]: Leaving directory '/mnt/d/Dev/VMD-cndb_plugin/build/CMakeFiles/CMakeTmp'


    Feature record: C_FEATURE:1c_function_prototypes
    Feature record: C_FEATURE:1c_restrict
    Feature record: C_FEATURE:1c_static_assert
    Feature record: C_FEATURE:1c_variadic_macros


Detecting C [-std=c99] compiler features compiled with the following output:
Change Dir: /mnt/d/Dev/VMD-cndb_plugin/build/CMakeFiles/CMakeTmp

Run Build Command:"/usr/bin/make" "cmTC_9aeec/fast"
/usr/bin/make -f CMakeFiles/cmTC_9aeec.dir/build.make CMakeFiles/cmTC_9aeec.dir/build
make[1]: Entering directory '/mnt/d/Dev/VMD-cndb_plugin/build/CMakeFiles/CMakeTmp'
Building C object CMakeFiles/cmTC_9aeec.dir/feature_tests.c.o
/usr/bin/gcc   -march=nocona -mtune=haswell -ftree-vectorize -fPIC -fstack-protector-strong -fno-plt -O2 -ffunction-sections -pipe -isystem /home/vinicius/anaconda3/include -Wall -std=c99 -pedantic -fPIC  -O3 -DNDEBUG   -std=c99 -o CMakeFiles/cmTC_9aeec.dir/feature_tests.c.o   -c /mnt/d/Dev/VMD-cndb_plugin/build/CMakeFiles/feature_tests.c
Linking C executable cmTC_9aeec
/usr/bin/cmake -E cmake_link_script CMakeFiles/cmTC_9aeec.dir/link.txt --verbose=1
/usr/bin/gcc -march=nocona -mtune=haswell -ftree-vectorize -fPIC -fstack-protector-strong -fno-plt -O2 -ffunction-sections -pipe -isystem /home/vinicius/anaconda3/include -Wall -std=c99 -pedantic -fPIC  -O3 -DNDEBUG  -Wl,-O2 -Wl,--sort-common -Wl,--as-needed -Wl,-z,relro -Wl,-z,now -Wl,--disable-new-dtags -Wl,--gc-sections -Wl,-rpath,/home/vinicius/anaconda3/lib -Wl,-rpath-link,/home/vinicius/anaconda3/lib -L/home/vinicius/anaconda3/lib  -rdynamic CMakeFiles/cmTC_9aeec.dir/feature_tests.c.o  -o cmTC_9aeec 
make[1]: Leaving directory '/mnt/d/Dev/VMD-cndb_plugin/build/CMakeFiles/CMakeTmp'


    Feature record: C_FEATURE:1c_function_prototypes
    Feature record: C_FEATURE:1c_restrict
    Feature record: C_FEATURE:0c_static_assert
    Feature record: C_FEATURE:1c_variadic_macros


Detecting C [-std=c90] compiler features compiled with the following output:
Change Dir: /mnt/d/Dev/VMD-cndb_plugin/build/CMakeFiles/CMakeTmp

Run Build Command:"/usr/bin/make" "cmTC_fc7b0/fast"
/usr/bin/make -f CMakeFiles/cmTC_fc7b0.dir/build.make CMakeFiles/cmTC_fc7b0.dir/build
make[1]: Entering directory '/mnt/d/Dev/VMD-cndb_plugin/build/CMakeFiles/CMakeTmp'
Building C object CMakeFiles/cmTC_fc7b0.dir/feature_tests.c.o
/usr/bin/gcc   -march=nocona -mtune=haswell -ftree-vectorize -fPIC -fstack-protector-strong -fno-plt -O2 -ffunction-sections -pipe -isystem /home/vinicius/anaconda3/include -Wall -std=c99 -pedantic -fPIC  -O3 -DNDEBUG   -std=c90 -o CMakeFiles/cmTC_fc7b0.dir/feature_tests.c.o   -c /mnt/d/Dev/VMD-cndb_plugin/build/CMakeFiles/feature_tests.c
Linking C executable cmTC_fc7b0
/usr/bin/cmake -E cmake_link_script CMakeFiles/cmTC_fc7b0.dir/link.txt --verbose=1
/usr/bin/gcc -march=nocona -mtune=haswell -ftree-vectorize -fPIC -fstack-protector-strong -fno-plt -O2 -ffunction-sections -pipe -isystem /home/vinicius/anaconda3/include -Wall -std=c99 -pedantic -fPIC  -O3 -DNDEBUG  -Wl,-O2 -Wl,--sort-common -Wl,--as-needed -Wl,-z,relro -Wl,-z,now -Wl,--disable-new-dtags -Wl,--gc-sections -Wl,-rpath,/home/vinicius/anaconda3/lib -Wl,-rpath-link,/home/vinicius/anaconda3/lib -L/home/vinicius/anaconda3/lib  -rdynamic CMakeFiles/cmTC_fc7b0.dir/feature_tests.c.o  -o cmTC_fc7b0 
make[1]: Leaving directory '/mnt/d/Dev/VMD-cndb_plugin/build/CMakeFiles/CMakeTmp'


    Feature record: C_FEATURE:1c_function_prototypes
    Feature record: C_FEATURE:0c_restrict
    Feature record: C_FEATURE:0c_static_assert
    Feature record: C_FEATURE:0c_variadic_macros
